2022-04-08T22:29:04.523335+0300 starting bot
2022-04-08T22:31:42.629559+0300 starting bot
2022-04-08T22:31:46.395272+0300 STARTED BY USER: 935362677
2022-04-08T22:35:48.551767+0300 starting bot
2022-04-08T22:35:53.797882+0300 STARTED BY USER: 935362677
2022-04-10T19:46:36.040662+0300 starting bot
2022-04-10T19:48:04.879487+0300 STARTED BY USER: 935362677
2022-04-10T19:48:28.385967+0300 GOT FROM DATABASE: 1. сщзцушатсшуцзс302ос2-3а9о23 - я
2022-04-10T19:48:28.386422+0300 GOT FROM DATABASE: 2. анда - там
2022-04-10T19:48:28.386586+0300 GOT FROM DATABASE: 3. мин - я
2022-04-10T19:48:28.386738+0300 GOT FROM DATABASE: 4. /ыефке - я
2022-04-10T19:48:45.468765+0300 GOT FROM DATABASE: 1. анда - там
2022-04-10T19:53:46.556297+0300 starting bot
2022-04-10T19:53:54.059017+0300 STARTED BY USER: 935362677
2022-04-10T19:53:58.592971+0300 GOT FROM DATABASE: 1. анда - там
2022-04-10T19:53:58.593394+0300 GOT FROM DATABASE: 2. мин - я
2022-04-10T19:54:00.631445+0300 GOT FROM DATABASE: 1. анда - там
2022-04-10T19:54:00.632437+0300 GOT FROM DATABASE: 2. мин - я
2022-04-10T19:56:13.576050+0300 starting bot
2022-04-10T19:59:42.955374+0300 starting bot
2022-04-10T19:59:45.092854+0300 STARTED BY USER: 935362677
2022-04-10T19:59:50.326771+0300 GOT FROM DATABASE: 1. анда - там
2022-04-10T19:59:50.327108+0300 GOT FROM DATABASE: 2. мин - я
2022-04-10T19:59:51.297095+0300 GOT FROM DATABASE: 1. анда - там
2022-04-10T19:59:51.297836+0300 GOT FROM DATABASE: 2. мин - я
2022-04-10T19:59:53.069761+0300 Word мин was deleted
2022-04-10T20:42:02.240425+0300 starting bot
2022-04-10T20:42:07.850048+0300 STARTED BY USER: 935362677
2022-04-10T20:43:17.375560+0300 starting bot
2022-04-10T20:43:20.735889+0300 STARTED BY USER: 935362677
2022-04-10T20:43:40.123650+0300 starting bot
2022-04-10T20:43:43.282689+0300 STARTED BY USER: 935362677
2022-04-10T20:44:16.194257+0300 starting bot
2022-04-10T20:44:18.245739+0300 STARTED BY USER: 935362677
2022-04-10T20:44:58.206196+0300 starting bot
2022-04-10T20:45:07.971976+0300 STARTED BY USER: 935362677
2022-04-10T20:45:09.278378+0300 GOT FROM DATABASE: 1. анда - там
2022-04-10T20:45:42.862807+0300 starting bot
2022-04-10T20:45:45.910979+0300 STARTED BY USER: 935362677
2022-04-10T20:46:20.308662+0300 starting bot
2022-04-10T20:46:22.082360+0300 STARTED BY USER: 935362677
2022-04-10T20:56:49.679908+0300 starting bot
2022-04-10T20:56:51.670254+0300 STARTED BY USER: 935362677
2022-04-10T20:56:56.251893+0300 l1
2022-04-10T20:57:14.680138+0300 starting bot
2022-04-10T20:57:18.274868+0300 STARTED BY USER: 935362677
2022-04-10T20:59:19.006220+0300 starting bot
2022-04-10T20:59:20.651384+0300 STARTED BY USER: 935362677
2022-04-10T20:59:59.339901+0300 starting bot
2022-04-10T21:00:01.150390+0300 STARTED BY USER: 935362677
2022-04-10T21:00:21.126660+0300 starting bot
2022-04-10T21:00:23.979089+0300 STARTED BY USER: 935362677
2022-04-10T21:00:34.474180+0300 starting bot
2022-04-10T21:00:36.326372+0300 STARTED BY USER: 935362677
2022-04-10T21:16:44.459295+0300 starting bot
2022-04-10T21:16:46.760243+0300 STARTED BY USER: 935362677
2022-04-10T22:59:17.870563+0300 starting bot
2022-04-10T22:59:41.933277+0300 starting bot
2022-04-10T23:14:30.394518+0300 starting bot
2022-04-10T23:16:16.862003+0300 starting bot
2022-04-10T23:16:33.468274+0300 starting bot
2022-04-10T23:16:44.952664+0300 STARTED BY USER: 935362677
2022-04-10T23:19:27.305507+0300 starting bot
2022-04-10T23:21:27.490698+0300 starting bot
2022-04-10T23:21:30.214729+0300 STARTED BY USER: 935362677
2022-04-10T23:23:37.148320+0300 starting bot
2022-04-10T23:23:40.551430+0300 STARTED BY USER: 935362677
2022-04-10T23:24:34.933437+0300 starting bot
2022-04-10T23:24:39.430467+0300 STARTED BY USER: 935362677
2022-04-10T23:25:14.588408+0300 starting bot
2022-04-10T23:25:17.357436+0300 STARTED BY USER: 935362677
2022-04-10T23:26:46.472646+0300 starting bot
2022-04-10T23:26:49.383820+0300 STARTED BY USER: 935362677
2022-04-10T23:29:53.095837+0300 starting bot
2022-04-10T23:29:55.684407+0300 STARTED BY USER: 935362677
2022-04-10T23:31:39.722497+0300 starting bot
2022-04-10T23:31:41.877729+0300 STARTED BY USER: 935362677
2022-04-10T23:32:35.008409+0300 starting bot
2022-04-10T23:32:35.015744+0300 
2022-04-10T23:32:49.529276+0300 starting bot
2022-04-10T23:32:49.554398+0300 False
2022-04-10T23:33:20.979177+0300 starting bot
2022-04-10T23:33:20.992635+0300 False
2022-04-10T23:33:37.181299+0300 starting bot
2022-04-10T23:33:37.186927+0300 DEBUG
2022-04-10T23:33:37.187212+0300 False
2022-04-10T23:34:04.424517+0300 starting bot
2022-04-10T23:34:04.444344+0300 Tat
2022-04-10T23:34:04.444471+0300 True
2022-04-10T23:34:04.445318+0300 make_start
2022-04-10T23:34:04.448412+0300 make_end
2022-04-10T23:34:20.790511+0300 STARTED BY USER: 935362677
2022-04-10T23:34:28.351871+0300 GOT FROM DATABASE: 1. анда - там
2022-04-10T23:34:28.352205+0300 GOT FROM DATABASE: 2. мин - я
2022-04-10T23:34:30.144646+0300 GOT FROM DATABASE: 1. анда - там
2022-04-10T23:34:30.145255+0300 GOT FROM DATABASE: 2. мин - я
2022-04-10T23:34:31.543080+0300 Word я was deleted
2022-04-10T23:36:11.764289+0300 starting bot
2022-04-10T23:36:11.775357+0300 Tat
2022-04-10T23:36:11.775454+0300 True
2022-04-10T23:36:11.775513+0300 make_start
2022-04-10T23:36:11.776823+0300 make_end
2022-04-10T23:36:15.307449+0300 STARTED BY USER: 935362677
2022-04-10T23:36:59.003901+0300 starting bot
2022-04-10T23:36:59.010912+0300 Tat
2022-04-10T23:36:59.011951+0300 True
2022-04-10T23:36:59.012475+0300 make_start
2022-04-10T23:36:59.015002+0300 make_end
2022-04-10T23:37:03.228775+0300 STARTED BY USER: 935362677
2022-04-10T23:47:01.058491+0300 starting bot
2022-04-10T23:47:01.084233+0300 Tat
2022-04-10T23:47:01.084487+0300 True
2022-04-10T23:47:05.500310+0300 STARTED BY USER: 935362677
2022-04-10T23:48:10.288142+0300 starting bot
2022-04-10T23:48:10.299287+0300 Tat
2022-04-10T23:48:10.299372+0300 True
2022-04-10T23:48:13.225644+0300 STARTED BY USER: 935362677
2022-04-10T23:48:20.225293+0300 starting bot
2022-04-10T23:48:20.230371+0300 Tat
2022-04-10T23:48:20.230454+0300 True
2022-04-10T23:48:22.217786+0300 STARTED BY USER: 935362677
2022-04-10T23:49:37.827813+0300 starting bot
2022-04-10T23:49:37.836143+0300 Tat
2022-04-10T23:49:37.836217+0300 True
2022-04-10T23:49:39.990716+0300 STARTED BY USER: 935362677
2022-04-10T23:51:18.098604+0300 starting bot
2022-04-10T23:51:18.117297+0300 Tat
2022-04-10T23:51:18.117803+0300 True
2022-04-10T23:51:18.118713+0300 Tat
2022-04-10T23:51:35.603822+0300 STARTED BY USER: 935362677
2022-04-10T23:55:28.669169+0300 starting bot
2022-04-10T23:55:28.674284+0300 Tat
2022-04-10T23:55:28.674362+0300 True
2022-04-10T23:55:28.674703+0300 Tat
2022-04-10T23:55:31.220294+0300 STARTED BY USER: 935362677
2022-04-10T23:56:53.777501+0300 starting bot
2022-04-10T23:56:53.798692+0300 TAT
2022-04-10T23:56:53.798777+0300 False
2022-04-10T23:56:53.798836+0300 make_start
2022-04-10T23:56:53.800085+0300 make_end
2022-04-10T23:56:53.800370+0300 TAT
2022-04-10T23:56:58.425976+0300 STARTED BY USER: 935362677
2022-04-10T23:57:07.555576+0300 GOT FROM DATABASE: 1. анда - там
2022-04-10T23:57:07.556365+0300 GOT FROM DATABASE: 2. мин - я
2022-04-10T23:57:08.833518+0300 GOT FROM DATABASE: 1. анда - там
2022-04-10T23:57:08.833957+0300 GOT FROM DATABASE: 2. мин - я
2022-04-10T23:57:09.916438+0300 Word мин was deleted
2022-04-10T23:59:44.405350+0300 GOT FROM DATABASE: 1. анда - там
2022-04-10T23:59:44.405672+0300 GOT FROM DATABASE: 2. мин - я
2022-04-11T00:00:12.926736+0300 starting bot
2022-04-11T00:05:07.941633+0300 starting bot
2022-04-11T00:07:07.390782+0300 starting bot
2022-04-11T00:07:07.401047+0300 1
2022-04-11T00:07:14.371152+0300 STARTED BY USER: 935362677
2022-04-11T00:07:41.449840+0300 starting bot
2022-04-11T00:07:41.461237+0300 make_start
2022-04-11T00:07:41.465055+0300 make_end
2022-04-11T00:07:41.466224+0300 1
2022-04-11T00:07:46.380450+0300 STARTED BY USER: 935362677
2022-04-11T00:07:52.600951+0300 GOT FROM DATABASE: 1. анда - там
2022-04-11T00:07:52.601326+0300 GOT FROM DATABASE: 2. мин - я
2022-04-11T00:07:52.601474+0300 GOT FROM DATABASE: 3. минё - я
2022-04-11T00:07:55.025694+0300 GOT FROM DATABASE: 1. анда - там
2022-04-11T00:07:55.026163+0300 GOT FROM DATABASE: 2. мин - я
2022-04-11T00:07:55.026311+0300 GOT FROM DATABASE: 3. минё - я
2022-04-11T00:07:56.041454+0300 Word я was deleted
2022-04-11T00:07:56.161020+0300 Word я was deleted
2022-04-11T00:08:20.680247+0300 starting bot
2022-04-11T00:08:20.688281+0300 1
2022-04-11T00:08:24.216389+0300 STARTED BY USER: 935362677
2022-04-11T00:08:57.295425+0300 starting bot
2022-04-11T00:10:54.850489+0300 starting bot
2022-04-11T00:10:54.861160+0300 make_start
2022-04-11T00:10:54.862587+0300 make_end
2022-04-11T00:10:54.862657+0300 Язык был изменён на немецкий(ger)
2022-04-11T00:10:54.863146+0300 1
2022-04-11T00:11:01.030851+0300 STARTED BY USER: 935362677
2022-04-11T00:15:34.583600+0300 starting bot
2022-04-11T00:17:24.810495+0300 starting bot
2022-04-11T00:17:24.831618+0300 make_start
2022-04-11T00:17:24.832903+0300 make_end
2022-04-11T00:17:24.832973+0300 Язык был изменён на немецкий(ger)
2022-04-11T00:17:24.833264+0300 1
2022-04-11T00:17:27.786682+0300 STARTED BY USER: 935362677
2022-04-11T00:17:37.043339+0300 GOT FROM DATABASE: 1. ich - я
2022-04-11T00:17:39.074124+0300 GOT FROM DATABASE: 1. ich - я
2022-04-11T00:17:41.900757+0300 Word ich was deleted
2022-04-11T00:17:43.529221+0300 EMPTY
2022-04-11T00:18:21.170048+0300 starting bot
2022-04-11T00:18:21.187442+0300 make_start
2022-04-11T00:18:21.191123+0300 make_end
2022-04-11T00:18:21.191343+0300 Язык был изменён на немецкий(ger)
2022-04-11T00:18:21.192978+0300 1
2022-04-11T00:18:24.494430+0300 STARTED BY USER: 935362677
2022-04-11T00:21:34.463878+0300 starting bot
2022-04-11T00:21:34.486226+0300 make_start
2022-04-11T00:21:34.490179+0300 make_end
2022-04-11T00:21:34.490380+0300 Язык был изменён на немецкий(ger)
2022-04-11T00:21:34.490724+0300 1
2022-04-11T00:21:37.131562+0300 STARTED BY USER: 935362677
2022-04-11T00:21:44.096519+0300 GOT FROM DATABASE: 1. ich - я
